739568,do,start,2023-11-13 10:34:50.901
923145,do_seq,start,2023-11-13 10:34:50.901
82274,do,start,2023-11-13 10:34:50.902
632873,do_set,start,2023-11-13 10:34:50.902
517414,do,start,2023-11-13 10:34:50.903
517414,do,stop,2023-11-13 10:34:50.903
632873,do_set,stop,2023-11-13 10:34:50.903
82274,do,stop,2023-11-13 10:34:50.904
78658,do,start,2023-11-13 10:34:50.904
813060,do_print,start,2023-11-13 10:34:50.904
502422,do,start,2023-11-13 10:34:50.905
66583,do_get,start,2023-11-13 10:34:50.905
66583,do_get,stop,2023-11-13 10:34:50.905
502422,do,stop,2023-11-13 10:34:50.905
813060,do_print,stop,2023-11-13 10:34:50.906
78658,do,stop,2023-11-13 10:34:50.913
203603,do,start,2023-11-13 10:34:50.913
810595,do_set,start,2023-11-13 10:34:50.914
404544,do,start,2023-11-13 10:34:50.914
169103,do_dict_create,start,2023-11-13 10:34:50.914
169103,do_dict_create,stop,2023-11-13 10:34:50.914
404544,do,stop,2023-11-13 10:34:50.915
810595,do_set,stop,2023-11-13 10:34:50.915
203603,do,stop,2023-11-13 10:34:50.916
636950,do,start,2023-11-13 10:34:50.916
814599,do_dict_set,start,2023-11-13 10:34:50.916
952608,do,start,2023-11-13 10:34:50.916
2434,do_get,start,2023-11-13 10:34:50.917
2434,do_get,stop,2023-11-13 10:34:50.917
952608,do,stop,2023-11-13 10:34:50.918
311563,do,start,2023-11-13 10:34:50.918
311563,do,stop,2023-11-13 10:34:50.918
720344,do,start,2023-11-13 10:34:50.919
720344,do,stop,2023-11-13 10:34:50.919
814599,do_dict_set,stop,2023-11-13 10:34:50.920
636950,do,stop,2023-11-13 10:34:50.920
877920,do,start,2023-11-13 10:34:50.921
325789,do_print,start,2023-11-13 10:34:50.921
378134,do,start,2023-11-13 10:34:50.921
401456,do_get,start,2023-11-13 10:34:50.921
401456,do_get,stop,2023-11-13 10:34:50.921
378134,do,stop,2023-11-13 10:34:50.921
325789,do_print,stop,2023-11-13 10:34:50.923
877920,do,stop,2023-11-13 10:34:50.923
168728,do,start,2023-11-13 10:34:50.924
969368,do_set,start,2023-11-13 10:34:50.924
618946,do,start,2023-11-13 10:34:50.924
618946,do,stop,2023-11-13 10:34:50.924
969368,do_set,stop,2023-11-13 10:34:50.924
168728,do,stop,2023-11-13 10:34:50.924
581239,do,start,2023-11-13 10:34:50.925
81508,do_print,start,2023-11-13 10:34:50.925
993559,do,start,2023-11-13 10:34:50.926
76746,do_get,start,2023-11-13 10:34:50.926
76746,do_get,stop,2023-11-13 10:34:50.927
993559,do,stop,2023-11-13 10:34:50.927
81508,do_print,stop,2023-11-13 10:34:50.928
581239,do,stop,2023-11-13 10:34:50.928
246171,do,start,2023-11-13 10:34:50.928
320866,do_print,start,2023-11-13 10:34:50.930
760061,do,start,2023-11-13 10:34:50.930
685539,do_dict_get,start,2023-11-13 10:34:50.930
767855,do,start,2023-11-13 10:34:50.931
497039,do_get,start,2023-11-13 10:34:50.931
497039,do_get,stop,2023-11-13 10:34:50.931
767855,do,stop,2023-11-13 10:34:50.931
65893,do,start,2023-11-13 10:34:50.931
65893,do,stop,2023-11-13 10:34:50.931
685539,do_dict_get,stop,2023-11-13 10:34:50.931
760061,do,stop,2023-11-13 10:34:50.931
320866,do_print,stop,2023-11-13 10:34:50.932
246171,do,stop,2023-11-13 10:34:50.933
359621,do,start,2023-11-13 10:34:50.933
919810,do_set,start,2023-11-13 10:34:50.933
665879,do,start,2023-11-13 10:34:50.934
665879,do,stop,2023-11-13 10:34:50.934
919810,do_set,stop,2023-11-13 10:34:50.934
359621,do,stop,2023-11-13 10:34:50.934
51005,do,start,2023-11-13 10:34:50.934
42000,do_print,start,2023-11-13 10:34:50.934
613782,do,start,2023-11-13 10:34:50.935
769687,do_get,start,2023-11-13 10:34:50.935
769687,do_get,stop,2023-11-13 10:34:50.935
613782,do,stop,2023-11-13 10:34:50.935
42000,do_print,stop,2023-11-13 10:34:50.936
51005,do,stop,2023-11-13 10:34:50.936
727620,do,start,2023-11-13 10:34:50.936
710574,do_set,start,2023-11-13 10:34:50.937
506939,do,start,2023-11-13 10:34:50.937
619673,do_dict_create,start,2023-11-13 10:34:50.937
619673,do_dict_create,stop,2023-11-13 10:34:50.937
506939,do,stop,2023-11-13 10:34:50.938
710574,do_set,stop,2023-11-13 10:34:50.938
727620,do,stop,2023-11-13 10:34:50.938
615431,do,start,2023-11-13 10:34:50.938
365619,do_dict_set,start,2023-11-13 10:34:50.939
921962,do,start,2023-11-13 10:34:50.939
795278,do_get,start,2023-11-13 10:34:50.939
795278,do_get,stop,2023-11-13 10:34:50.939
921962,do,stop,2023-11-13 10:34:50.939
273204,do,start,2023-11-13 10:34:50.940
273204,do,stop,2023-11-13 10:34:50.940
387332,do,start,2023-11-13 10:34:50.940
387332,do,stop,2023-11-13 10:34:50.940
365619,do_dict_set,stop,2023-11-13 10:34:50.941
615431,do,stop,2023-11-13 10:34:50.941
712362,do,start,2023-11-13 10:34:50.941
203223,do_print,start,2023-11-13 10:34:50.942
600552,do,start,2023-11-13 10:34:50.942
164173,do_get,start,2023-11-13 10:34:50.942
164173,do_get,stop,2023-11-13 10:34:50.942
600552,do,stop,2023-11-13 10:34:50.944
203223,do_print,stop,2023-11-13 10:34:50.944
712362,do,stop,2023-11-13 10:34:50.944
644088,do,start,2023-11-13 10:34:50.947
878863,do_set,start,2023-11-13 10:34:50.947
499312,do,start,2023-11-13 10:34:50.948
964991,do_dict_merge,start,2023-11-13 10:34:50.948
792855,do,start,2023-11-13 10:34:50.948
327809,do_get,start,2023-11-13 10:34:50.949
327809,do_get,stop,2023-11-13 10:34:50.949
792855,do,stop,2023-11-13 10:34:50.949
538039,do,start,2023-11-13 10:34:50.949
596977,do_get,start,2023-11-13 10:34:50.949
596977,do_get,stop,2023-11-13 10:34:50.949
538039,do,stop,2023-11-13 10:34:50.951
964991,do_dict_merge,stop,2023-11-13 10:34:50.951
499312,do,stop,2023-11-13 10:34:50.951
878863,do_set,stop,2023-11-13 10:34:50.951
644088,do,stop,2023-11-13 10:34:50.951
225981,do,start,2023-11-13 10:34:50.952
173031,do_print,start,2023-11-13 10:34:50.952
636399,do,start,2023-11-13 10:34:50.952
942144,do_get,start,2023-11-13 10:34:50.952
942144,do_get,stop,2023-11-13 10:34:50.953
636399,do,stop,2023-11-13 10:34:50.953
173031,do_print,stop,2023-11-13 10:34:50.953
225981,do,stop,2023-11-13 10:34:50.953
931864,do,start,2023-11-13 10:34:50.953
171936,do_set,start,2023-11-13 10:34:50.954
972557,do,start,2023-11-13 10:34:50.954
972557,do,stop,2023-11-13 10:34:50.954
171936,do_set,stop,2023-11-13 10:34:50.954
931864,do,stop,2023-11-13 10:34:50.954
471308,do,start,2023-11-13 10:34:50.955
410587,do_print,start,2023-11-13 10:34:50.955
281523,do,start,2023-11-13 10:34:50.955
928440,do_get,start,2023-11-13 10:34:50.956
928440,do_get,stop,2023-11-13 10:34:50.956
281523,do,stop,2023-11-13 10:34:50.956
410587,do_print,stop,2023-11-13 10:34:50.956
471308,do,stop,2023-11-13 10:34:50.956
725928,do,start,2023-11-13 10:34:50.957
560775,do_set,start,2023-11-13 10:34:50.957
339544,do,start,2023-11-13 10:34:50.957
450943,do_array_create,start,2023-11-13 10:34:50.958
763307,do,start,2023-11-13 10:34:50.958
763307,do,stop,2023-11-13 10:34:50.958
450943,do_array_create,stop,2023-11-13 10:34:50.958
339544,do,stop,2023-11-13 10:34:50.958
560775,do_set,stop,2023-11-13 10:34:50.958
725928,do,stop,2023-11-13 10:34:50.959
8099,do,start,2023-11-13 10:34:50.959
513429,do_array_set,start,2023-11-13 10:34:50.959
773967,do,start,2023-11-13 10:34:50.960
314296,do_get,start,2023-11-13 10:34:50.960
314296,do_get,stop,2023-11-13 10:34:50.960
773967,do,stop,2023-11-13 10:34:50.960
199911,do,start,2023-11-13 10:34:50.961
199911,do,stop,2023-11-13 10:34:50.961
638596,do,start,2023-11-13 10:34:50.962
638596,do,stop,2023-11-13 10:34:50.963
513429,do_array_set,stop,2023-11-13 10:34:50.963
8099,do,stop,2023-11-13 10:34:50.964
755723,do,start,2023-11-13 10:34:50.964
392869,do_array_set,start,2023-11-13 10:34:50.964
869714,do,start,2023-11-13 10:34:50.966
315617,do_get,start,2023-11-13 10:34:50.966
315617,do_get,stop,2023-11-13 10:34:50.966
869714,do,stop,2023-11-13 10:34:50.966
773146,do,start,2023-11-13 10:34:50.967
773146,do,stop,2023-11-13 10:34:50.967
146829,do,start,2023-11-13 10:34:50.968
146829,do,stop,2023-11-13 10:34:50.968
392869,do_array_set,stop,2023-11-13 10:34:50.968
755723,do,stop,2023-11-13 10:34:50.969
854547,do,start,2023-11-13 10:34:50.969
734307,do_array_set,start,2023-11-13 10:34:50.970
203917,do,start,2023-11-13 10:34:50.970
946469,do_get,start,2023-11-13 10:34:50.970
946469,do_get,stop,2023-11-13 10:34:50.970
203917,do,stop,2023-11-13 10:34:50.970
321010,do,start,2023-11-13 10:34:50.972
321010,do,stop,2023-11-13 10:34:50.972
222404,do,start,2023-11-13 10:34:50.973
222404,do,stop,2023-11-13 10:34:50.973
734307,do_array_set,stop,2023-11-13 10:34:50.973
854547,do,stop,2023-11-13 10:34:50.973
628745,do,start,2023-11-13 10:34:50.973
254459,do_array_set,start,2023-11-13 10:34:50.973
339755,do,start,2023-11-13 10:34:50.974
688714,do_get,start,2023-11-13 10:34:50.974
688714,do_get,stop,2023-11-13 10:34:50.974
339755,do,stop,2023-11-13 10:34:50.974
707217,do,start,2023-11-13 10:34:50.975
707217,do,stop,2023-11-13 10:34:50.975
202984,do,start,2023-11-13 10:34:50.975
202984,do,stop,2023-11-13 10:34:50.975
254459,do_array_set,stop,2023-11-13 10:34:50.975
628745,do,stop,2023-11-13 10:34:50.976
717912,do,start,2023-11-13 10:34:50.976
42389,do_array_set,start,2023-11-13 10:34:50.976
911952,do,start,2023-11-13 10:34:50.977
135020,do_get,start,2023-11-13 10:34:50.977
135020,do_get,stop,2023-11-13 10:34:50.977
911952,do,stop,2023-11-13 10:34:50.977
502739,do,start,2023-11-13 10:34:50.978
502739,do,stop,2023-11-13 10:34:50.978
783483,do,start,2023-11-13 10:34:50.979
783483,do,stop,2023-11-13 10:34:50.979
42389,do_array_set,stop,2023-11-13 10:34:50.979
717912,do,stop,2023-11-13 10:34:50.980
402442,do,start,2023-11-13 10:34:50.980
668940,do_print,start,2023-11-13 10:34:50.981
553842,do,start,2023-11-13 10:34:50.981
120571,do_get,start,2023-11-13 10:34:50.981
120571,do_get,stop,2023-11-13 10:34:50.982
553842,do,stop,2023-11-13 10:34:50.982
668940,do_print,stop,2023-11-13 10:34:50.983
402442,do,stop,2023-11-13 10:34:50.983
165454,do,start,2023-11-13 10:34:50.984
69681,do_set,start,2023-11-13 10:34:50.984
261203,do,start,2023-11-13 10:34:50.985
261203,do,stop,2023-11-13 10:34:50.985
69681,do_set,stop,2023-11-13 10:34:50.985
165454,do,stop,2023-11-13 10:34:50.985
501366,do,start,2023-11-13 10:34:50.985
831710,do_print,start,2023-11-13 10:34:50.985
259594,do,start,2023-11-13 10:34:50.986
624869,do_get,start,2023-11-13 10:34:50.986
624869,do_get,stop,2023-11-13 10:34:50.986
259594,do,stop,2023-11-13 10:34:50.986
831710,do_print,stop,2023-11-13 10:34:50.987
501366,do,stop,2023-11-13 10:34:50.987
808359,do,start,2023-11-13 10:34:50.987
758088,do_print,start,2023-11-13 10:34:50.988
431935,do,start,2023-11-13 10:34:50.988
936242,do_array_get,start,2023-11-13 10:34:50.988
708443,do,start,2023-11-13 10:34:50.988
763524,do_get,start,2023-11-13 10:34:50.988
763524,do_get,stop,2023-11-13 10:34:50.988
708443,do,stop,2023-11-13 10:34:50.988
595727,do,start,2023-11-13 10:34:50.990
595727,do,stop,2023-11-13 10:34:50.990
936242,do_array_get,stop,2023-11-13 10:34:50.990
431935,do,stop,2023-11-13 10:34:50.990
758088,do_print,stop,2023-11-13 10:34:50.991
808359,do,stop,2023-11-13 10:34:50.991
534278,do,start,2023-11-13 10:34:50.991
843572,do_set,start,2023-11-13 10:34:50.992
211634,do,start,2023-11-13 10:34:50.992
211634,do,stop,2023-11-13 10:34:50.992
843572,do_set,stop,2023-11-13 10:34:50.992
534278,do,stop,2023-11-13 10:34:50.992
689138,do,start,2023-11-13 10:34:50.993
318418,do_print,start,2023-11-13 10:34:50.993
226551,do,start,2023-11-13 10:34:50.994
734387,do_get,start,2023-11-13 10:34:50.994
734387,do_get,stop,2023-11-13 10:34:50.994
226551,do,stop,2023-11-13 10:34:50.994
318418,do_print,stop,2023-11-13 10:34:50.996
689138,do,stop,2023-11-13 10:34:50.997
916568,do,start,2023-11-13 10:34:50.998
961407,do_set,start,2023-11-13 10:34:50.998
250707,do,start,2023-11-13 10:34:50.999
250707,do,stop,2023-11-13 10:34:50.999
961407,do_set,stop,2023-11-13 10:34:50.999
916568,do,stop,2023-11-13 10:34:51.000
573622,do,start,2023-11-13 10:34:51.000
346348,do_set,start,2023-11-13 10:34:51.000
791265,do,start,2023-11-13 10:34:51.001
791265,do,stop,2023-11-13 10:34:51.001
346348,do_set,stop,2023-11-13 10:34:51.001
573622,do,stop,2023-11-13 10:34:51.002
119889,do,start,2023-11-13 10:34:51.002
160388,do_print,start,2023-11-13 10:34:51.002
480550,do,start,2023-11-13 10:34:51.003
746621,do_get,start,2023-11-13 10:34:51.003
746621,do_get,stop,2023-11-13 10:34:51.003
480550,do,stop,2023-11-13 10:34:51.003
160388,do_print,stop,2023-11-13 10:34:51.004
119889,do,stop,2023-11-13 10:34:51.004
32088,do,start,2023-11-13 10:34:51.004
240147,do_print,start,2023-11-13 10:34:51.005
458160,do,start,2023-11-13 10:34:51.005
698039,do_get,start,2023-11-13 10:34:51.005
698039,do_get,stop,2023-11-13 10:34:51.005
458160,do,stop,2023-11-13 10:34:51.005
240147,do_print,stop,2023-11-13 10:34:51.006
32088,do,stop,2023-11-13 10:34:51.006
960146,do,start,2023-11-13 10:34:51.006
888223,do_print,start,2023-11-13 10:34:51.006
964612,do,start,2023-11-13 10:34:51.007
112610,do_multiplication,start,2023-11-13 10:34:51.007
989283,do,start,2023-11-13 10:34:51.007
559130,do_get,start,2023-11-13 10:34:51.008
559130,do_get,stop,2023-11-13 10:34:51.008
989283,do,stop,2023-11-13 10:34:51.008
680495,do,start,2023-11-13 10:34:51.008
433315,do_get,start,2023-11-13 10:34:51.009
433315,do_get,stop,2023-11-13 10:34:51.009
680495,do,stop,2023-11-13 10:34:51.009
112610,do_multiplication,stop,2023-11-13 10:34:51.009
964612,do,stop,2023-11-13 10:34:51.009
888223,do_print,stop,2023-11-13 10:34:51.009
960146,do,stop,2023-11-13 10:34:51.010
60884,do,start,2023-11-13 10:34:51.010
16733,do_set,start,2023-11-13 10:34:51.011
82344,do,start,2023-11-13 10:34:51.011
82344,do,stop,2023-11-13 10:34:51.011
16733,do_set,stop,2023-11-13 10:34:51.014
60884,do,stop,2023-11-13 10:34:51.015
764283,do,start,2023-11-13 10:34:51.016
872761,do_print,start,2023-11-13 10:34:51.016
545557,do,start,2023-11-13 10:34:51.016
288794,do_get,start,2023-11-13 10:34:51.017
288794,do_get,stop,2023-11-13 10:34:51.017
545557,do,stop,2023-11-13 10:34:51.017
872761,do_print,stop,2023-11-13 10:34:51.018
764283,do,stop,2023-11-13 10:34:51.018
508923,do,start,2023-11-13 10:34:51.018
297032,do_print,start,2023-11-13 10:34:51.020
934845,do,start,2023-11-13 10:34:51.020
344241,do_get,start,2023-11-13 10:34:51.022
344241,do_get,stop,2023-11-13 10:34:51.023
934845,do,stop,2023-11-13 10:34:51.023
297032,do_print,stop,2023-11-13 10:34:51.024
508923,do,stop,2023-11-13 10:34:51.024
193654,do,start,2023-11-13 10:34:51.026
193440,do_print,start,2023-11-13 10:34:51.027
35555,do,start,2023-11-13 10:34:51.028
753744,do_get,start,2023-11-13 10:34:51.029
753744,do_get,stop,2023-11-13 10:34:51.030
35555,do,stop,2023-11-13 10:34:51.030
193440,do_print,stop,2023-11-13 10:34:51.030
193654,do,stop,2023-11-13 10:34:51.031
286496,do,start,2023-11-13 10:34:51.031
147474,do_print,start,2023-11-13 10:34:51.031
140458,do,start,2023-11-13 10:34:51.032
563456,do_division,start,2023-11-13 10:34:51.032
404580,do,start,2023-11-13 10:34:51.032
764825,do_get,start,2023-11-13 10:34:51.032
764825,do_get,stop,2023-11-13 10:34:51.032
404580,do,stop,2023-11-13 10:34:51.032
69263,do,start,2023-11-13 10:34:51.033
361319,do_get,start,2023-11-13 10:34:51.033
361319,do_get,stop,2023-11-13 10:34:51.033
69263,do,stop,2023-11-13 10:34:51.033
563456,do_division,stop,2023-11-13 10:34:51.034
140458,do,stop,2023-11-13 10:34:51.034
147474,do_print,stop,2023-11-13 10:34:51.035
286496,do,stop,2023-11-13 10:34:51.035
128961,do,start,2023-11-13 10:34:51.036
504974,do_set,start,2023-11-13 10:34:51.036
857321,do,start,2023-11-13 10:34:51.036
857321,do,stop,2023-11-13 10:34:51.036
504974,do_set,stop,2023-11-13 10:34:51.036
128961,do,stop,2023-11-13 10:34:51.036
513542,do,start,2023-11-13 10:34:51.036
218191,do_print,start,2023-11-13 10:34:51.037
337580,do,start,2023-11-13 10:34:51.038
113251,do_get,start,2023-11-13 10:34:51.038
113251,do_get,stop,2023-11-13 10:34:51.038
337580,do,stop,2023-11-13 10:34:51.038
218191,do_print,stop,2023-11-13 10:34:51.039
513542,do,stop,2023-11-13 10:34:51.039
167306,do,start,2023-11-13 10:34:51.039
882808,do_print,start,2023-11-13 10:34:51.040
902118,do,start,2023-11-13 10:34:51.040
297225,do_get,start,2023-11-13 10:34:51.040
297225,do_get,stop,2023-11-13 10:34:51.040
902118,do,stop,2023-11-13 10:34:51.040
882808,do_print,stop,2023-11-13 10:34:51.041
167306,do,stop,2023-11-13 10:34:51.041
125514,do,start,2023-11-13 10:34:51.042
915011,do_print,start,2023-11-13 10:34:51.042
795078,do,start,2023-11-13 10:34:51.042
960124,do_get,start,2023-11-13 10:34:51.042
960124,do_get,stop,2023-11-13 10:34:51.042
795078,do,stop,2023-11-13 10:34:51.042
915011,do_print,stop,2023-11-13 10:34:51.043
125514,do,stop,2023-11-13 10:34:51.043
420739,do,start,2023-11-13 10:34:51.044
230547,do_print,start,2023-11-13 10:34:51.044
730653,do,start,2023-11-13 10:34:51.044
857324,do_power,start,2023-11-13 10:34:51.046
351310,do,start,2023-11-13 10:34:51.046
973883,do_get,start,2023-11-13 10:34:51.046
973883,do_get,stop,2023-11-13 10:34:51.047
351310,do,stop,2023-11-13 10:34:51.047
827554,do,start,2023-11-13 10:34:51.048
383868,do_get,start,2023-11-13 10:34:51.048
383868,do_get,stop,2023-11-13 10:34:51.048
827554,do,stop,2023-11-13 10:34:51.048
857324,do_power,stop,2023-11-13 10:34:51.049
730653,do,stop,2023-11-13 10:34:51.049
230547,do_print,stop,2023-11-13 10:34:51.049
420739,do,stop,2023-11-13 10:34:51.049
756019,do,start,2023-11-13 10:34:51.050
467625,do_set,start,2023-11-13 10:34:51.050
513059,do,start,2023-11-13 10:34:51.050
513059,do,stop,2023-11-13 10:34:51.050
467625,do_set,stop,2023-11-13 10:34:51.050
756019,do,stop,2023-11-13 10:34:51.051
296189,do,start,2023-11-13 10:34:51.051
120605,do_print,start,2023-11-13 10:34:51.051
355382,do,start,2023-11-13 10:34:51.052
18624,do_get,start,2023-11-13 10:34:51.052
18624,do_get,stop,2023-11-13 10:34:51.052
355382,do,stop,2023-11-13 10:34:51.052
120605,do_print,stop,2023-11-13 10:34:51.053
296189,do,stop,2023-11-13 10:34:51.053
880796,do,start,2023-11-13 10:34:51.054
928772,do_set,start,2023-11-13 10:34:51.054
427076,do,start,2023-11-13 10:34:51.055
427076,do,stop,2023-11-13 10:34:51.055
928772,do_set,stop,2023-11-13 10:34:51.056
880796,do,stop,2023-11-13 10:34:51.056
914526,do,start,2023-11-13 10:34:51.056
908289,do_while,start,2023-11-13 10:34:51.057
883458,do,start,2023-11-13 10:34:51.057
185452,do_leq,start,2023-11-13 10:34:51.057
373095,do,start,2023-11-13 10:34:51.058
253329,do_get,start,2023-11-13 10:34:51.058
253329,do_get,stop,2023-11-13 10:34:51.058
373095,do,stop,2023-11-13 10:34:51.058
649403,do,start,2023-11-13 10:34:51.059
649403,do,stop,2023-11-13 10:34:51.059
185452,do_leq,stop,2023-11-13 10:34:51.059
883458,do,stop,2023-11-13 10:34:51.059
620744,do,start,2023-11-13 10:34:51.060
341000,do_seq,start,2023-11-13 10:34:51.060
119189,do,start,2023-11-13 10:34:51.060
693534,do_print,start,2023-11-13 10:34:51.060
494095,do,start,2023-11-13 10:34:51.060
332266,do_get,start,2023-11-13 10:34:51.060
332266,do_get,stop,2023-11-13 10:34:51.060
494095,do,stop,2023-11-13 10:34:51.060
693534,do_print,stop,2023-11-13 10:34:51.063
119189,do,stop,2023-11-13 10:34:51.063
356603,do,start,2023-11-13 10:34:51.064
831376,do_set,start,2023-11-13 10:34:51.064
452592,do,start,2023-11-13 10:34:51.064
575095,do_add,start,2023-11-13 10:34:51.065
239004,do,start,2023-11-13 10:34:51.065
588272,do_get,start,2023-11-13 10:34:51.065
588272,do_get,stop,2023-11-13 10:34:51.065
239004,do,stop,2023-11-13 10:34:51.065
634894,do,start,2023-11-13 10:34:51.066
634894,do,stop,2023-11-13 10:34:51.066
575095,do_add,stop,2023-11-13 10:34:51.067
452592,do,stop,2023-11-13 10:34:51.067
831376,do_set,stop,2023-11-13 10:34:51.067
356603,do,stop,2023-11-13 10:34:51.067
341000,do_seq,stop,2023-11-13 10:34:51.067
620744,do,stop,2023-11-13 10:34:51.067
195963,do,start,2023-11-13 10:34:51.067
379834,do_leq,start,2023-11-13 10:34:51.067
619466,do,start,2023-11-13 10:34:51.069
926254,do_get,start,2023-11-13 10:34:51.070
926254,do_get,stop,2023-11-13 10:34:51.070
619466,do,stop,2023-11-13 10:34:51.070
496047,do,start,2023-11-13 10:34:51.070
496047,do,stop,2023-11-13 10:34:51.070
379834,do_leq,stop,2023-11-13 10:34:51.072
195963,do,stop,2023-11-13 10:34:51.072
11870,do,start,2023-11-13 10:34:51.072
462927,do_seq,start,2023-11-13 10:34:51.072
443706,do,start,2023-11-13 10:34:51.072
818363,do_print,start,2023-11-13 10:34:51.072
604368,do,start,2023-11-13 10:34:51.072
501787,do_get,start,2023-11-13 10:34:51.072
501787,do_get,stop,2023-11-13 10:34:51.072
604368,do,stop,2023-11-13 10:34:51.072
818363,do_print,stop,2023-11-13 10:34:51.077
443706,do,stop,2023-11-13 10:34:51.082
663961,do,start,2023-11-13 10:34:51.083
905774,do_set,start,2023-11-13 10:34:51.083
435158,do,start,2023-11-13 10:34:51.083
836655,do_add,start,2023-11-13 10:34:51.083
500186,do,start,2023-11-13 10:34:51.083
833652,do_get,start,2023-11-13 10:34:51.083
833652,do_get,stop,2023-11-13 10:34:51.083
500186,do,stop,2023-11-13 10:34:51.083
887120,do,start,2023-11-13 10:34:51.083
887120,do,stop,2023-11-13 10:34:51.083
836655,do_add,stop,2023-11-13 10:34:51.083
435158,do,stop,2023-11-13 10:34:51.089
905774,do_set,stop,2023-11-13 10:34:51.089
663961,do,stop,2023-11-13 10:34:51.090
462927,do_seq,stop,2023-11-13 10:34:51.090
11870,do,stop,2023-11-13 10:34:51.090
855445,do,start,2023-11-13 10:34:51.091
477863,do_leq,start,2023-11-13 10:34:51.091
972900,do,start,2023-11-13 10:34:51.091
812455,do_get,start,2023-11-13 10:34:51.091
812455,do_get,stop,2023-11-13 10:34:51.091
972900,do,stop,2023-11-13 10:34:51.091
473911,do,start,2023-11-13 10:34:51.091
473911,do,stop,2023-11-13 10:34:51.091
477863,do_leq,stop,2023-11-13 10:34:51.091
855445,do,stop,2023-11-13 10:34:51.091
808325,do,start,2023-11-13 10:34:51.097
145309,do_seq,start,2023-11-13 10:34:51.098
229192,do,start,2023-11-13 10:34:51.098
35694,do_print,start,2023-11-13 10:34:51.098
154889,do,start,2023-11-13 10:34:51.098
636225,do_get,start,2023-11-13 10:34:51.100
636225,do_get,stop,2023-11-13 10:34:51.100
154889,do,stop,2023-11-13 10:34:51.100
35694,do_print,stop,2023-11-13 10:34:51.100
229192,do,stop,2023-11-13 10:34:51.100
52507,do,start,2023-11-13 10:34:51.100
584405,do_set,start,2023-11-13 10:34:51.100
134147,do,start,2023-11-13 10:34:51.100
217061,do_add,start,2023-11-13 10:34:51.100
199504,do,start,2023-11-13 10:34:51.100
438700,do_get,start,2023-11-13 10:34:51.100
438700,do_get,stop,2023-11-13 10:34:51.100
199504,do,stop,2023-11-13 10:34:51.100
377645,do,start,2023-11-13 10:34:51.100
377645,do,stop,2023-11-13 10:34:51.108
217061,do_add,stop,2023-11-13 10:34:51.111
134147,do,stop,2023-11-13 10:34:51.113
584405,do_set,stop,2023-11-13 10:34:51.113
52507,do,stop,2023-11-13 10:34:51.113
145309,do_seq,stop,2023-11-13 10:34:51.114
808325,do,stop,2023-11-13 10:34:51.115
724095,do,start,2023-11-13 10:34:51.115
144626,do_leq,start,2023-11-13 10:34:51.115
301363,do,start,2023-11-13 10:34:51.116
471896,do_get,start,2023-11-13 10:34:51.116
471896,do_get,stop,2023-11-13 10:34:51.116
301363,do,stop,2023-11-13 10:34:51.116
465956,do,start,2023-11-13 10:34:51.117
465956,do,stop,2023-11-13 10:34:51.117
144626,do_leq,stop,2023-11-13 10:34:51.117
724095,do,stop,2023-11-13 10:34:51.118
166043,do,start,2023-11-13 10:34:51.118
663167,do_seq,start,2023-11-13 10:34:51.118
117527,do,start,2023-11-13 10:34:51.118
441172,do_print,start,2023-11-13 10:34:51.119
983002,do,start,2023-11-13 10:34:51.120
726150,do_get,start,2023-11-13 10:34:51.120
726150,do_get,stop,2023-11-13 10:34:51.120
983002,do,stop,2023-11-13 10:34:51.120
441172,do_print,stop,2023-11-13 10:34:51.121
117527,do,stop,2023-11-13 10:34:51.121
971109,do,start,2023-11-13 10:34:51.121
315821,do_set,start,2023-11-13 10:34:51.123
363373,do,start,2023-11-13 10:34:51.123
861191,do_add,start,2023-11-13 10:34:51.124
448196,do,start,2023-11-13 10:34:51.124
220870,do_get,start,2023-11-13 10:34:51.125
220870,do_get,stop,2023-11-13 10:34:51.125
448196,do,stop,2023-11-13 10:34:51.126
594357,do,start,2023-11-13 10:34:51.131
594357,do,stop,2023-11-13 10:34:51.131
861191,do_add,stop,2023-11-13 10:34:51.132
363373,do,stop,2023-11-13 10:34:51.132
315821,do_set,stop,2023-11-13 10:34:51.133
971109,do,stop,2023-11-13 10:34:51.133
663167,do_seq,stop,2023-11-13 10:34:51.133
166043,do,stop,2023-11-13 10:34:51.134
499380,do,start,2023-11-13 10:34:51.136
367788,do_leq,start,2023-11-13 10:34:51.136
450412,do,start,2023-11-13 10:34:51.137
628895,do_get,start,2023-11-13 10:34:51.138
628895,do_get,stop,2023-11-13 10:34:51.138
450412,do,stop,2023-11-13 10:34:51.138
679865,do,start,2023-11-13 10:34:51.139
679865,do,stop,2023-11-13 10:34:51.139
367788,do_leq,stop,2023-11-13 10:34:51.141
499380,do,stop,2023-11-13 10:34:51.143
494550,do,start,2023-11-13 10:34:51.143
403437,do_seq,start,2023-11-13 10:34:51.144
573911,do,start,2023-11-13 10:34:51.144
356559,do_print,start,2023-11-13 10:34:51.147
100888,do,start,2023-11-13 10:34:51.148
444732,do_get,start,2023-11-13 10:34:51.149
444732,do_get,stop,2023-11-13 10:34:51.149
100888,do,stop,2023-11-13 10:34:51.149
356559,do_print,stop,2023-11-13 10:34:51.150
573911,do,stop,2023-11-13 10:34:51.150
227266,do,start,2023-11-13 10:34:51.151
763639,do_set,start,2023-11-13 10:34:51.152
510450,do,start,2023-11-13 10:34:51.152
426006,do_add,start,2023-11-13 10:34:51.152
539513,do,start,2023-11-13 10:34:51.152
259520,do_get,start,2023-11-13 10:34:51.152
259520,do_get,stop,2023-11-13 10:34:51.152
539513,do,stop,2023-11-13 10:34:51.152
355284,do,start,2023-11-13 10:34:51.156
355284,do,stop,2023-11-13 10:34:51.156
426006,do_add,stop,2023-11-13 10:34:51.157
510450,do,stop,2023-11-13 10:34:51.157
763639,do_set,stop,2023-11-13 10:34:51.158
227266,do,stop,2023-11-13 10:34:51.158
403437,do_seq,stop,2023-11-13 10:34:51.159
494550,do,stop,2023-11-13 10:34:51.159
11823,do,start,2023-11-13 10:34:51.160
445700,do_leq,start,2023-11-13 10:34:51.160
53576,do,start,2023-11-13 10:34:51.160
391357,do_get,start,2023-11-13 10:34:51.160
391357,do_get,stop,2023-11-13 10:34:51.162
53576,do,stop,2023-11-13 10:34:51.163
31113,do,start,2023-11-13 10:34:51.164
31113,do,stop,2023-11-13 10:34:51.164
445700,do_leq,stop,2023-11-13 10:34:51.164
11823,do,stop,2023-11-13 10:34:51.166
908289,do_while,stop,2023-11-13 10:34:51.166
914526,do,stop,2023-11-13 10:34:51.166
43593,do,start,2023-11-13 10:34:51.166
746577,do_set,start,2023-11-13 10:34:51.168
229470,do,start,2023-11-13 10:34:51.168
229470,do,stop,2023-11-13 10:34:51.168
746577,do_set,stop,2023-11-13 10:34:51.169
43593,do,stop,2023-11-13 10:34:51.169
512022,do,start,2023-11-13 10:34:51.169
818252,do_print,start,2023-11-13 10:34:51.170
313441,do,start,2023-11-13 10:34:51.171
972707,do_get,start,2023-11-13 10:34:51.171
972707,do_get,stop,2023-11-13 10:34:51.171
313441,do,stop,2023-11-13 10:34:51.172
818252,do_print,stop,2023-11-13 10:34:51.172
512022,do,stop,2023-11-13 10:34:51.172
923145,do_seq,stop,2023-11-13 10:34:51.173
739568,do,stop,2023-11-13 10:34:51.173
